[debug] [2022-03-26T21:21:45.177Z] ----------------------------------------------------------------------
[debug] [2022-03-26T21:21:45.179Z] Command:       C:\Program Files\nodejs\node.exe C:\Users\Frank\AppData\Roaming\npm\node_modules\firebase-tools\lib\bin\firebase.js emulators:start
[debug] [2022-03-26T21:21:45.179Z] CLI Version:   10.5.0
[debug] [2022-03-26T21:21:45.179Z] Platform:      win32
[debug] [2022-03-26T21:21:45.179Z] Node Version:  v16.14.0
[debug] [2022-03-26T21:21:45.180Z] Time:          Sat Mar 26 2022 16:21:45 GMT-0500 (Central Daylight Time)
[debug] [2022-03-26T21:21:45.180Z] ----------------------------------------------------------------------
[debug] 
[debug] [2022-03-26T21:21:45.242Z] > command requires scopes: ["email","openid","https://www.googleapis.com/auth/cloudplatformprojects.readonly","https://www.googleapis.com/auth/firebase","https://www.googleapis.com/auth/cloud-platform"]
[debug] [2022-03-26T21:21:45.242Z] > authorizing via signed-in user (fvaughan36@gmail.com)
[debug] [2022-03-26T21:21:45.352Z] java version "17.0.2" 2022-01-18 LTS
Java(TM) SE Runtime Environment (build 17.0.2+8-LTS-86)

[debug] [2022-03-26T21:21:45.352Z] Java HotSpot(TM) 64-Bit Server VM (build 17.0.2+8-LTS-86, mixed mode, sharing)

[debug] [2022-03-26T21:21:45.371Z] Parsed Java major version: 17
[info] i  emulators: Starting emulators: database {"metadata":{"emulator":{"name":"hub"},"message":"Starting emulators: database"}}
[debug] [2022-03-26T21:21:45.398Z] [hub] writing locator at C:\Users\Frank\AppData\Local\Temp\hub-foody-development.json
[debug] [2022-03-26T21:21:45.418Z] >>> [apiv2][query] GET https://firebase.googleapis.com/v1beta1/projects/foody-development [none]
[debug] [2022-03-26T21:21:45.593Z] <<< [apiv2][status] GET https://firebase.googleapis.com/v1beta1/projects/foody-development 200
[debug] [2022-03-26T21:21:45.593Z] <<< [apiv2][body] GET https://firebase.googleapis.com/v1beta1/projects/foody-development {"projectId":"foody-development","projectNumber":"556791166612","displayName":"Foody-Development","name":"projects/foody-development","resources":{"hostingSite":"foody-development","realtimeDatabaseInstance":"foody-development-default-rtdb","storageBucket":"foody-development.appspot.com","locationId":"us-central"},"state":"ACTIVE"}
[debug] [2022-03-26T21:21:45.594Z] database rules config:  [{"instance":"foody-development-default-rtdb","rules":"C:\\Users\\Frank\\HackathonProject\\database.rules.json"}]
[debug] [2022-03-26T21:21:45.598Z] Ignoring unsupported arg: projectId {"metadata":{"emulator":{"name":"database"},"message":"Ignoring unsupported arg: projectId"}}
[debug] [2022-03-26T21:21:45.598Z] Ignoring unsupported arg: auto_download {"metadata":{"emulator":{"name":"database"},"message":"Ignoring unsupported arg: auto_download"}}
[debug] [2022-03-26T21:21:45.598Z] Ignoring unsupported arg: rules {"metadata":{"emulator":{"name":"database"},"message":"Ignoring unsupported arg: rules"}}
[debug] [2022-03-26T21:21:45.598Z] Starting Database Emulator with command {"binary":"java","args":["-Duser.language=en","-jar","C:\\Users\\Frank\\.cache\\firebase\\emulators\\firebase-database-emulator-v4.7.3.jar","--host","localhost","--port",9000],"optionalArgs":["port","host","functions_emulator_port","functions_emulator_host"],"joinArgs":false} {"metadata":{"emulator":{"name":"database"},"message":"Starting Database Emulator with command {\"binary\":\"java\",\"args\":[\"-Duser.language=en\",\"-jar\",\"C:\\\\Users\\\\Frank\\\\.cache\\\\firebase\\\\emulators\\\\firebase-database-emulator-v4.7.3.jar\",\"--host\",\"localhost\",\"--port\",9000],\"optionalArgs\":[\"port\",\"host\",\"functions_emulator_port\",\"functions_emulator_host\"],\"joinArgs\":false}"}}
[info] i  database: Database Emulator logging to database-debug.log {"metadata":{"emulator":{"name":"database"},"message":"Database Emulator logging to \u001b[1mdatabase-debug.log\u001b[22m"}}
[debug] [2022-03-26T21:21:47.193Z] Ignoring unsupported arg: auto_download {"metadata":{"emulator":{"name":"ui"},"message":"Ignoring unsupported arg: auto_download"}}
[debug] [2022-03-26T21:21:47.193Z] Ignoring unsupported arg: port {"metadata":{"emulator":{"name":"ui"},"message":"Ignoring unsupported arg: port"}}
[debug] [2022-03-26T21:21:47.193Z] Starting Emulator UI with command {"binary":"node","args":["C:\\Users\\Frank\\.cache\\firebase\\emulators\\ui-v1.6.5\\server.bundle.js"],"optionalArgs":[],"joinArgs":false} {"metadata":{"emulator":{"name":"ui"},"message":"Starting Emulator UI with command {\"binary\":\"node\",\"args\":[\"C:\\\\Users\\\\Frank\\\\.cache\\\\firebase\\\\emulators\\\\ui-v1.6.5\\\\server.bundle.js\"],\"optionalArgs\":[],\"joinArgs\":false}"}}
[info] i  ui: Emulator UI logging to ui-debug.log {"metadata":{"emulator":{"name":"ui"},"message":"Emulator UI logging to \u001b[1mui-debug.log\u001b[22m"}}
[debug] [2022-03-26T21:21:47.305Z] Web / API server started at localhost:4000
 {"metadata":{"emulator":{"name":"ui"},"message":"Web / API server started at localhost:4000\n"}}
[debug] [2022-03-26T21:21:47.466Z] >>> HTTP REQUEST PUT http://localhost:9000/.settings/rules.json?ns=foody-development-default-rtdb  
 {
  /* Visit https://firebase.google.com/docs/database/security to learn more about security rules. */
  "rules": {
    ".read": false,
    ".write": false
  }
}
[debug] [2022-03-26T21:21:47.832Z] <<< HTTP RESPONSE 200 {"content-length":"15","content-type":"application/json; charset=utf-8","access-control-allow-origin":"*","cache-control":"no-cache","x-firebase-project-id":"foody-development-default-rtdb","x-firebase-project-number":"123456789","x-firebase-uuid":"48cf61d2-706c-49a3-86ce-658b4a34e9d1"}
[info] 
┌─────────────────────────────────────────────────────────────┐
│ ✔  All emulators ready! It is now safe to connect your app. │
│ i  View Emulator UI at http://localhost:4000                │
└─────────────────────────────────────────────────────────────┘

┌──────────┬────────────────┬────────────────────────────────┐
│ Emulator │ Host:Port      │ View in Emulator UI            │
├──────────┼────────────────┼────────────────────────────────┤
│ Database │ localhost:9000 │ http://localhost:4000/database │
└──────────┴────────────────┴────────────────────────────────┘
  Emulator Hub running at localhost:4400
  Other reserved ports: 4500

Issues? Report them at https://github.com/firebase/firebase-tools/issues and attach the *-debug.log files.
 
